<?xml version="1.0" encoding="UTF-8"?>
<beans xmlns="http://www.springframework.org/schema/beans"
	xmlns:xsi="http://www.w3.org/2001/XMLSchema-instance"
	xmlns:context="http://www.springframework.org/schema/context"
	xmlns:mvc="http://www.springframework.org/schema/mvc"
	xsi:schemaLocation="http://www.springframework.org/schema/mvc http://www.springframework.org/schema/mvc/spring-mvc-4.3.xsd
		http://www.springframework.org/schema/beans http://www.springframework.org/schema/beans/spring-beans-4.0.xsd
		http://www.springframework.org/schema/context http://www.springframework.org/schema/context/spring-context-4.3.xsd">
	
	<!-- Web.xml의 url-pattern에서 /(모든 것을 맵핑)를 적용하려면 -->
	<bean class="org.springframework.web.servlet.mvc.annotation.AnnotationMethodHandlerAdapter" >
		<property name="alwaysUseFullPath" value="true" />
	</bean>
	<bean class="org.springframework.web.servlet.mvc.annotation.DefaultAnnotationHandlerMapping">
		<property name="alwaysUseFullPath" value="true" />
	</bean>
	<mvc:default-servlet-handler/>
	<!-- 여기까지 써줘야만 /로 했을 때 다 받아올 수 있음. -->
	
	<!-- Annotation 사용 -->
	<context:component-scan base-package="pack.controller" />
	<context:component-scan base-package="pack.model" /> <!-- class 내에서 스캔쓰고 여기다가 안써도 됨. -->
	
	<!-- ViewResolver : ViewName값이 들어오면 앞 뒤에 붙여오는 값 확인해서 그 중간 값 확인.-->
	<bean class="org.springframework.web.servlet.view.InternalResourceViewResolver">
		<property name="prefix" value="/views/" />
		<property name="suffix" value=".jsp" />
	</bean>
</beans>
